2025-06-15 16:18:40,699 [Worker-2: Loading available Gradle versions] INFO  o.e.b.c.i.u.g.PublishedGradleVersions - Gradle version information cache is not available. Remote download required.
2025-06-15 16:45:43,772 [Worker-3: Loading available Gradle versions] INFO  o.e.b.c.i.u.g.PublishedGradleVersions - Gradle version information cache is up-to-date. Trying to read.
2025-06-15 18:17:28,187 [Worker-58: Importing Maven projects] INFO  o.e.m.c.i.embedder.EclipseLogger - ------------------------------------------------------------------------
2025-06-15 18:17:28,188 [Worker-58: Importing Maven projects] INFO  o.e.m.c.i.embedder.EclipseLogger - Detecting the operating system and CPU architecture
2025-06-15 18:17:28,188 [Worker-58: Importing Maven projects] INFO  o.e.m.c.i.embedder.EclipseLogger - ------------------------------------------------------------------------
2025-06-15 18:17:28,190 [Worker-58: Importing Maven projects] INFO  o.e.m.c.i.embedder.EclipseLogger - os.detected.name: windows
2025-06-15 18:17:28,190 [Worker-58: Importing Maven projects] INFO  o.e.m.c.i.embedder.EclipseLogger - os.detected.arch: x86_64
2025-06-15 18:17:28,190 [Worker-58: Importing Maven projects] INFO  o.e.m.c.i.embedder.EclipseLogger - os.detected.version: 10.0
2025-06-15 18:17:28,190 [Worker-58: Importing Maven projects] INFO  o.e.m.c.i.embedder.EclipseLogger - os.detected.version.major: 10
2025-06-15 18:17:28,190 [Worker-58: Importing Maven projects] INFO  o.e.m.c.i.embedder.EclipseLogger - os.detected.version.minor: 0
2025-06-15 18:17:28,190 [Worker-58: Importing Maven projects] INFO  o.e.m.c.i.embedder.EclipseLogger - os.detected.classifier: windows-x86_64
2025-06-15 18:17:28,193 [Worker-58: Importing Maven projects] WARN  o.e.m.c.i.embedder.EclipseLogger - Failed to inject repository session properties. org.eclipse.m2e.core.internal.embedder.FilterRepositorySystemSession.getSystemProperties()
java.lang.NoSuchMethodException: org.eclipse.m2e.core.internal.embedder.FilterRepositorySystemSession.getSystemProperties()
	at java.base/java.lang.Class.getDeclaredMethod(Class.java:2907)
	at kr.motd.maven.os.RepositorySessionInjector.injectRepositorySession(RepositorySessionInjector.java:24)
	at kr.motd.maven.os.DetectExtension.injectSession(DetectExtension.java:156)
	at kr.motd.maven.os.DetectExtension.afterProjectsRead(DetectExtension.java:115)
	at org.eclipse.m2e.core.internal.project.registry.ProjectRegistryManager.executeParticipants(ProjectRegistryManager.java:828)
	at org.eclipse.m2e.core.internal.project.registry.ProjectRegistryManager.lambda$15(ProjectRegistryManager.java:795)
	at org.eclipse.m2e.core.internal.embedder.MavenExecutionContext.executeBare(MavenExecutionContext.java:458)
	at org.eclipse.m2e.core.internal.embedder.MavenExecutionContext.execute(MavenExecutionContext.java:339)
	at org.eclipse.m2e.core.internal.embedder.MavenExecutionContext.execute(MavenExecutionContext.java:278)
	at org.eclipse.m2e.core.internal.project.registry.ProjectRegistryManager.lambda$14(ProjectRegistryManager.java:794)
	at java.base/java.util.HashMap$Values.forEach(HashMap.java:1074)
	at org.eclipse.m2e.core.internal.project.registry.ProjectRegistryManager.lambda$11(ProjectRegistryManager.java:792)
	at org.eclipse.m2e.core.internal.embedder.MavenExecutionContext.executeBare(MavenExecutionContext.java:458)
	at org.eclipse.m2e.core.internal.embedder.MavenExecutionContext.execute(MavenExecutionContext.java:339)
	at org.eclipse.m2e.core.internal.embedder.MavenExecutionContext.execute(MavenExecutionContext.java:278)
	at org.eclipse.m2e.core.internal.project.registry.ProjectRegistryManager.readMavenProjectFacades(ProjectRegistryManager.java:764)
	at org.eclipse.m2e.core.internal.project.registry.ProjectRegistryManager.refresh(ProjectRegistryManager.java:396)
	at org.eclipse.m2e.core.internal.project.registry.ProjectRegistryManager.refresh(ProjectRegistryManager.java:370)
	at org.eclipse.m2e.core.internal.project.registry.ProjectRegistryManager.refresh(ProjectRegistryManager.java:322)
	at org.eclipse.m2e.core.internal.project.ProjectConfigurationManager.configureNewMavenProjects(ProjectConfigurationManager.java:256)
	at org.eclipse.m2e.core.internal.project.ProjectConfigurationManager.lambda$1(ProjectConfigurationManager.java:166)
	at org.eclipse.m2e.core.internal.embedder.MavenExecutionContext.executeBare(MavenExecutionContext.java:458)
	at org.eclipse.m2e.core.internal.embedder.MavenExecutionContext.execute(MavenExecutionContext.java:339)
	at org.eclipse.m2e.core.internal.embedder.MavenExecutionContext.execute(MavenExecutionContext.java:278)
	at org.eclipse.m2e.core.internal.project.ProjectConfigurationManager.importProjects(ProjectConfigurationManager.java:139)
	at org.eclipse.m2e.core.ui.internal.wizards.ImportMavenProjectsJob$1.doCreateMavenProjects(ImportMavenProjectsJob.java:71)
	at org.eclipse.m2e.core.ui.internal.wizards.AbstractCreateMavenProjectsOperation.run(AbstractCreateMavenProjectsOperation.java:56)
	at org.eclipse.m2e.core.ui.internal.wizards.ImportMavenProjectsJob.runInWorkspace(ImportMavenProjectsJob.java:80)
	at org.eclipse.core.internal.resources.InternalWorkspaceJob.run(InternalWorkspaceJob.java:43)
	at org.eclipse.core.internal.jobs.Worker.run(Worker.java:63)
2025-06-15 18:17:31,139 [Worker-58: Importing Maven projects] INFO  o.e.m.c.i.l.LifecycleMappingFactory - Using org.eclipse.m2e.jdt.JarLifecycleMapping lifecycle mapping for MavenProject: DSA:program:0.0.1-SNAPSHOT @ C:\Users\s.angamuthu\Developement\DSA_Practice\DSA\pom.xml.
2025-06-15 18:17:36,589 [Worker-58: Importing Maven projects] INFO  o.e.m.j.i.AbstractJavaProjectConfigurator - Adding source folder /DSA/src/main/java
2025-06-15 18:17:36,591 [Worker-58: Importing Maven projects] INFO  o.e.m.j.i.AbstractJavaProjectConfigurator - Adding resource folder /DSA/src/main/resources
2025-06-15 18:17:36,592 [Worker-58: Importing Maven projects] INFO  o.e.m.j.i.AbstractJavaProjectConfigurator - Adding source folder /DSA/src/test/java
2025-06-15 18:17:36,592 [Worker-58: Importing Maven projects] INFO  o.e.m.j.i.AbstractJavaProjectConfigurator - Adding resource folder /DSA/src/test/resources
2025-06-15 18:17:36,704 [Worker-58: Importing Maven projects] INFO  o.e.m.c.i.p.ProjectConfigurationManager - Imported and configured 1 project(s) in 11 sec
2025-06-15 18:17:36,813 [Worker-62: Updating Maven Project] INFO  o.e.m.c.i.p.ProjectConfigurationManager - Update started
2025-06-15 18:17:37,164 [Worker-62: Updating Maven Project] INFO  o.e.m.c.i.embedder.EclipseLogger - ------------------------------------------------------------------------
2025-06-15 18:17:37,164 [Worker-62: Updating Maven Project] INFO  o.e.m.c.i.embedder.EclipseLogger - Detecting the operating system and CPU architecture
2025-06-15 18:17:37,165 [Worker-62: Updating Maven Project] INFO  o.e.m.c.i.embedder.EclipseLogger - ------------------------------------------------------------------------
2025-06-15 18:17:37,165 [Worker-62: Updating Maven Project] INFO  o.e.m.c.i.embedder.EclipseLogger - os.detected.name: windows
2025-06-15 18:17:37,165 [Worker-62: Updating Maven Project] INFO  o.e.m.c.i.embedder.EclipseLogger - os.detected.arch: x86_64
2025-06-15 18:17:37,165 [Worker-62: Updating Maven Project] INFO  o.e.m.c.i.embedder.EclipseLogger - os.detected.version: 10.0
2025-06-15 18:17:37,165 [Worker-62: Updating Maven Project] INFO  o.e.m.c.i.embedder.EclipseLogger - os.detected.version.major: 10
2025-06-15 18:17:37,165 [Worker-62: Updating Maven Project] INFO  o.e.m.c.i.embedder.EclipseLogger - os.detected.version.minor: 0
2025-06-15 18:17:37,165 [Worker-62: Updating Maven Project] INFO  o.e.m.c.i.embedder.EclipseLogger - os.detected.classifier: windows-x86_64
2025-06-15 18:17:37,166 [Worker-62: Updating Maven Project] WARN  o.e.m.c.i.embedder.EclipseLogger - Failed to inject repository session properties. org.eclipse.m2e.core.internal.embedder.FilterRepositorySystemSession.getSystemProperties()
java.lang.NoSuchMethodException: org.eclipse.m2e.core.internal.embedder.FilterRepositorySystemSession.getSystemProperties()
	at java.base/java.lang.Class.getDeclaredMethod(Class.java:2907)
	at kr.motd.maven.os.RepositorySessionInjector.injectRepositorySession(RepositorySessionInjector.java:24)
	at kr.motd.maven.os.DetectExtension.injectSession(DetectExtension.java:156)
	at kr.motd.maven.os.DetectExtension.afterProjectsRead(DetectExtension.java:115)
	at org.eclipse.m2e.core.internal.project.registry.ProjectRegistryManager.executeParticipants(ProjectRegistryManager.java:828)
	at org.eclipse.m2e.core.internal.project.registry.ProjectRegistryManager.lambda$15(ProjectRegistryManager.java:795)
	at org.eclipse.m2e.core.internal.embedder.MavenExecutionContext.executeBare(MavenExecutionContext.java:458)
	at org.eclipse.m2e.core.internal.embedder.MavenExecutionContext.execute(MavenExecutionContext.java:339)
	at org.eclipse.m2e.core.internal.embedder.MavenExecutionContext.execute(MavenExecutionContext.java:278)
	at org.eclipse.m2e.core.internal.project.registry.ProjectRegistryManager.lambda$14(ProjectRegistryManager.java:794)
	at java.base/java.util.HashMap$Values.forEach(HashMap.java:1074)
	at org.eclipse.m2e.core.internal.project.registry.ProjectRegistryManager.lambda$11(ProjectRegistryManager.java:792)
	at org.eclipse.m2e.core.internal.embedder.MavenExecutionContext.executeBare(MavenExecutionContext.java:458)
	at org.eclipse.m2e.core.internal.embedder.MavenExecutionContext.execute(MavenExecutionContext.java:339)
	at org.eclipse.m2e.core.internal.embedder.MavenExecutionContext.execute(MavenExecutionContext.java:278)
	at org.eclipse.m2e.core.internal.project.registry.ProjectRegistryManager.readMavenProjectFacades(ProjectRegistryManager.java:764)
	at org.eclipse.m2e.core.internal.project.registry.ProjectRegistryManager.refresh(ProjectRegistryManager.java:396)
	at org.eclipse.m2e.core.internal.project.registry.ProjectRegistryManager.refresh(ProjectRegistryManager.java:370)
	at org.eclipse.m2e.core.internal.project.registry.ProjectRegistryManager.refresh(ProjectRegistryManager.java:322)
	at org.eclipse.m2e.core.internal.project.ProjectConfigurationManager.updateProjectConfiguration0(ProjectConfigurationManager.java:388)
	at org.eclipse.m2e.core.internal.project.ProjectConfigurationManager.lambda$3(ProjectConfigurationManager.java:340)
	at org.eclipse.m2e.core.internal.embedder.MavenExecutionContext.executeBare(MavenExecutionContext.java:458)
	at org.eclipse.m2e.core.internal.embedder.MavenExecutionContext.execute(MavenExecutionContext.java:339)
	at org.eclipse.m2e.core.internal.embedder.MavenExecutionContext.execute(MavenExecutionContext.java:278)
	at org.eclipse.m2e.core.internal.embedder.MavenImpl.execute(MavenImpl.java:1053)
	at org.eclipse.m2e.core.internal.project.ProjectConfigurationManager.updateProjectConfiguration(ProjectConfigurationManager.java:339)
	at org.eclipse.m2e.core.ui.internal.UpdateMavenProjectJob.runInWorkspace(UpdateMavenProjectJob.java:80)
	at org.eclipse.core.internal.resources.InternalWorkspaceJob.run(InternalWorkspaceJob.java:43)
	at org.eclipse.core.internal.jobs.Worker.run(Worker.java:63)
2025-06-15 18:17:37,392 [Worker-62: Updating Maven Project] INFO  o.e.m.c.i.l.LifecycleMappingFactory - Using org.eclipse.m2e.jdt.JarLifecycleMapping lifecycle mapping for MavenProject: DSA:program:0.0.1-SNAPSHOT @ C:\Users\s.angamuthu\Developement\DSA_Practice\DSA\pom.xml.
2025-06-15 18:17:38,062 [Worker-62: Updating Maven Project] INFO  o.e.m.j.i.AbstractJavaProjectConfigurator - Adding source folder /DSA/src/main/java
2025-06-15 18:17:38,064 [Worker-62: Updating Maven Project] INFO  o.e.m.j.i.AbstractJavaProjectConfigurator - Adding resource folder /DSA/src/main/resources
2025-06-15 18:17:38,065 [Worker-62: Updating Maven Project] INFO  o.e.m.j.i.AbstractJavaProjectConfigurator - Adding source folder /DSA/src/test/java
2025-06-15 18:17:38,065 [Worker-62: Updating Maven Project] INFO  o.e.m.j.i.AbstractJavaProjectConfigurator - Adding resource folder /DSA/src/test/resources
2025-06-15 18:17:38,227 [Worker-62: Updating Maven Project] INFO  o.e.m.c.i.p.ProjectConfigurationManager - Update completed for 1 poms: local refresh takes 0.00 sec, refresh facades takes 1.00 sec, update config takes 0.00 sec 
2025-06-15 18:17:45,856 [Worker-62: Launching App] INFO  o.a.m.s.f.DefaultMavenResourcesFiltering - Copying 3 resources from src\main\resources to target\classes
2025-06-15 18:17:45,876 [Worker-62: Launching App] INFO  o.a.m.s.f.DefaultMavenResourcesFiltering - Copying 1 resource from src\test\resources to target\test-classes
